2020-10-26T12:48:55+00:00 CRITICAL Uncaught Error: Call to a member function get_type() on null in C:\Bitnami\wordpress-5.5.1-2\apps\wordpress\htdocs\wp-content\plugins\innovs-woo-manager\includes\class-innovs-woo-manager.php:408
Stack trace:
#0 C:\Bitnami\wordpress-5.5.1-2\apps\wordpress\htdocs\wp-includes\class-wp-hook.php(289): Innovs_Woo_Manager->innovs_woo_manager_add_to_cart_label()
#1 C:\Bitnami\wordpress-5.5.1-2\apps\wordpress\htdocs\wp-includes\plugin.php(206): WP_Hook->apply_filters()
#2 C:\Bitnami\wordpress-5.5.1-2\apps\wordpress\htdocs\wp-content\plugins\woocommerce\includes\class-wc-product-simple.php(62): apply_filters()
#3 C:\Bitnami\wordpress-5.5.1-2\apps\wordpress\htdocs\wp-content\plugins\woocommerce\packages\woocommerce-blocks\src\BlockTypes\AbstractProductGrid.php(465): WC_Product_Simple->add_to_cart_text()
#4 C:\Bitnami\wordpress-5.5.1-2\apps\wordpress\htdocs\wp-content\plugins\woocommerce\packages\woocommerce-blocks\src\BlockTypes\AbstractProductGrid.php(438): Automattic\WooCommerce\Blocks\BlockTypes\AbstractProductGrid-> in C:\Bitnami\wordpress-5.5.1-2\apps\wordpress\htdocs\wp-content\plugins\innovs-woo-manager\includes\class-innovs-woo-manager.php on line 408

2020-10-26T12:49:28+00:00 CRITICAL Uncaught Error: Call to a member function get_type() on null in C:\Bitnami\wordpress-5.5.1-2\apps\wordpress\htdocs\wp-content\plugins\innovs-woo-manager\includes\class-innovs-woo-manager.php:408
Stack trace:
#0 C:\Bitnami\wordpress-5.5.1-2\apps\wordpress\htdocs\wp-includes\class-wp-hook.php(289): Innovs_Woo_Manager->innovs_woo_manager_add_to_cart_label()
#1 C:\Bitnami\wordpress-5.5.1-2\apps\wordpress\htdocs\wp-includes\plugin.php(206): WP_Hook->apply_filters()
#2 C:\Bitnami\wordpress-5.5.1-2\apps\wordpress\htdocs\wp-content\plugins\woocommerce\includes\class-wc-product-simple.php(62): apply_filters()
#3 C:\Bitnami\wordpress-5.5.1-2\apps\wordpress\htdocs\wp-content\plugins\woocommerce\packages\woocommerce-blocks\src\BlockTypes\AbstractProductGrid.php(465): WC_Product_Simple->add_to_cart_text()
#4 C:\Bitnami\wordpress-5.5.1-2\apps\wordpress\htdocs\wp-content\plugins\woocommerce\packages\woocommerce-blocks\src\BlockTypes\AbstractProductGrid.php(438): Automattic\WooCommerce\Blocks\BlockTypes\AbstractProductGrid-> in C:\Bitnami\wordpress-5.5.1-2\apps\wordpress\htdocs\wp-content\plugins\innovs-woo-manager\includes\class-innovs-woo-manager.php on line 408

2020-10-26T12:49:40+00:00 CRITICAL Uncaught Error: Call to a member function get_type() on null in C:\Bitnami\wordpress-5.5.1-2\apps\wordpress\htdocs\wp-content\plugins\innovs-woo-manager\includes\class-innovs-woo-manager.php:408
Stack trace:
#0 C:\Bitnami\wordpress-5.5.1-2\apps\wordpress\htdocs\wp-includes\class-wp-hook.php(289): Innovs_Woo_Manager->innovs_woo_manager_add_to_cart_label()
#1 C:\Bitnami\wordpress-5.5.1-2\apps\wordpress\htdocs\wp-includes\plugin.php(206): WP_Hook->apply_filters()
#2 C:\Bitnami\wordpress-5.5.1-2\apps\wordpress\htdocs\wp-content\plugins\woocommerce\includes\class-wc-product-simple.php(62): apply_filters()
#3 C:\Bitnami\wordpress-5.5.1-2\apps\wordpress\htdocs\wp-content\plugins\woocommerce\packages\woocommerce-blocks\src\BlockTypes\AbstractProductGrid.php(465): WC_Product_Simple->add_to_cart_text()
#4 C:\Bitnami\wordpress-5.5.1-2\apps\wordpress\htdocs\wp-content\plugins\woocommerce\packages\woocommerce-blocks\src\BlockTypes\AbstractProductGrid.php(438): Automattic\WooCommerce\Blocks\BlockTypes\AbstractProductGrid-> in C:\Bitnami\wordpress-5.5.1-2\apps\wordpress\htdocs\wp-content\plugins\innovs-woo-manager\includes\class-innovs-woo-manager.php on line 408

2020-10-26T12:49:51+00:00 CRITICAL Uncaught Error: Call to a member function get_type() on null in C:\Bitnami\wordpress-5.5.1-2\apps\wordpress\htdocs\wp-content\plugins\innovs-woo-manager\includes\class-innovs-woo-manager.php:408
Stack trace:
#0 C:\Bitnami\wordpress-5.5.1-2\apps\wordpress\htdocs\wp-includes\class-wp-hook.php(289): Innovs_Woo_Manager->innovs_woo_manager_add_to_cart_label()
#1 C:\Bitnami\wordpress-5.5.1-2\apps\wordpress\htdocs\wp-includes\plugin.php(206): WP_Hook->apply_filters()
#2 C:\Bitnami\wordpress-5.5.1-2\apps\wordpress\htdocs\wp-content\plugins\woocommerce\includes\class-wc-product-simple.php(62): apply_filters()
#3 C:\Bitnami\wordpress-5.5.1-2\apps\wordpress\htdocs\wp-content\plugins\woocommerce\packages\woocommerce-blocks\src\BlockTypes\AbstractProductGrid.php(465): WC_Product_Simple->add_to_cart_text()
#4 C:\Bitnami\wordpress-5.5.1-2\apps\wordpress\htdocs\wp-content\plugins\woocommerce\packages\woocommerce-blocks\src\BlockTypes\AbstractProductGrid.php(438): Automattic\WooCommerce\Blocks\BlockTypes\AbstractProductGrid-> in C:\Bitnami\wordpress-5.5.1-2\apps\wordpress\htdocs\wp-content\plugins\innovs-woo-manager\includes\class-innovs-woo-manager.php on line 408

2020-10-26T12:49:57+00:00 CRITICAL Uncaught Error: Call to a member function get_type() on null in C:\Bitnami\wordpress-5.5.1-2\apps\wordpress\htdocs\wp-content\plugins\innovs-woo-manager\includes\class-innovs-woo-manager.php:408
Stack trace:
#0 C:\Bitnami\wordpress-5.5.1-2\apps\wordpress\htdocs\wp-includes\class-wp-hook.php(289): Innovs_Woo_Manager->innovs_woo_manager_add_to_cart_label()
#1 C:\Bitnami\wordpress-5.5.1-2\apps\wordpress\htdocs\wp-includes\plugin.php(206): WP_Hook->apply_filters()
#2 C:\Bitnami\wordpress-5.5.1-2\apps\wordpress\htdocs\wp-content\plugins\woocommerce\includes\class-wc-product-simple.php(62): apply_filters()
#3 C:\Bitnami\wordpress-5.5.1-2\apps\wordpress\htdocs\wp-content\plugins\woocommerce\packages\woocommerce-blocks\src\BlockTypes\AbstractProductGrid.php(465): WC_Product_Simple->add_to_cart_text()
#4 C:\Bitnami\wordpress-5.5.1-2\apps\wordpress\htdocs\wp-content\plugins\woocommerce\packages\woocommerce-blocks\src\BlockTypes\AbstractProductGrid.php(438): Automattic\WooCommerce\Blocks\BlockTypes\AbstractProductGrid-> in C:\Bitnami\wordpress-5.5.1-2\apps\wordpress\htdocs\wp-content\plugins\innovs-woo-manager\includes\class-innovs-woo-manager.php on line 408

2020-10-26T12:49:58+00:00 CRITICAL Uncaught Error: Call to a member function get_type() on null in C:\Bitnami\wordpress-5.5.1-2\apps\wordpress\htdocs\wp-content\plugins\innovs-woo-manager\includes\class-innovs-woo-manager.php:408
Stack trace:
#0 C:\Bitnami\wordpress-5.5.1-2\apps\wordpress\htdocs\wp-includes\class-wp-hook.php(289): Innovs_Woo_Manager->innovs_woo_manager_add_to_cart_label()
#1 C:\Bitnami\wordpress-5.5.1-2\apps\wordpress\htdocs\wp-includes\plugin.php(206): WP_Hook->apply_filters()
#2 C:\Bitnami\wordpress-5.5.1-2\apps\wordpress\htdocs\wp-content\plugins\woocommerce\includes\class-wc-product-simple.php(62): apply_filters()
#3 C:\Bitnami\wordpress-5.5.1-2\apps\wordpress\htdocs\wp-content\plugins\woocommerce\packages\woocommerce-blocks\src\BlockTypes\AbstractProductGrid.php(465): WC_Product_Simple->add_to_cart_text()
#4 C:\Bitnami\wordpress-5.5.1-2\apps\wordpress\htdocs\wp-content\plugins\woocommerce\packages\woocommerce-blocks\src\BlockTypes\AbstractProductGrid.php(438): Automattic\WooCommerce\Blocks\BlockTypes\AbstractProductGrid-> in C:\Bitnami\wordpress-5.5.1-2\apps\wordpress\htdocs\wp-content\plugins\innovs-woo-manager\includes\class-innovs-woo-manager.php on line 408

2020-10-26T12:50:30+00:00 CRITICAL Uncaught Error: Call to a member function get_type() on null in C:\Bitnami\wordpress-5.5.1-2\apps\wordpress\htdocs\wp-content\plugins\innovs-woo-manager\includes\class-innovs-woo-manager.php:408
Stack trace:
#0 C:\Bitnami\wordpress-5.5.1-2\apps\wordpress\htdocs\wp-includes\class-wp-hook.php(289): Innovs_Woo_Manager->innovs_woo_manager_add_to_cart_label()
#1 C:\Bitnami\wordpress-5.5.1-2\apps\wordpress\htdocs\wp-includes\plugin.php(206): WP_Hook->apply_filters()
#2 C:\Bitnami\wordpress-5.5.1-2\apps\wordpress\htdocs\wp-content\plugins\woocommerce\includes\class-wc-product-simple.php(62): apply_filters()
#3 C:\Bitnami\wordpress-5.5.1-2\apps\wordpress\htdocs\wp-content\plugins\woocommerce\packages\woocommerce-blocks\src\BlockTypes\AbstractProductGrid.php(465): WC_Product_Simple->add_to_cart_text()
#4 C:\Bitnami\wordpress-5.5.1-2\apps\wordpress\htdocs\wp-content\plugins\woocommerce\packages\woocommerce-blocks\src\BlockTypes\AbstractProductGrid.php(438): Automattic\WooCommerce\Blocks\BlockTypes\AbstractProductGrid-> in C:\Bitnami\wordpress-5.5.1-2\apps\wordpress\htdocs\wp-content\plugins\innovs-woo-manager\includes\class-innovs-woo-manager.php on line 408

2020-10-26T12:51:16+00:00 CRITICAL Uncaught Error: Call to a member function get_type() on null in C:\Bitnami\wordpress-5.5.1-2\apps\wordpress\htdocs\wp-content\plugins\innovs-woo-manager\includes\class-innovs-woo-manager.php:408
Stack trace:
#0 C:\Bitnami\wordpress-5.5.1-2\apps\wordpress\htdocs\wp-includes\class-wp-hook.php(289): Innovs_Woo_Manager->innovs_woo_manager_add_to_cart_label()
#1 C:\Bitnami\wordpress-5.5.1-2\apps\wordpress\htdocs\wp-includes\plugin.php(206): WP_Hook->apply_filters()
#2 C:\Bitnami\wordpress-5.5.1-2\apps\wordpress\htdocs\wp-content\plugins\woocommerce\includes\class-wc-product-simple.php(62): apply_filters()
#3 C:\Bitnami\wordpress-5.5.1-2\apps\wordpress\htdocs\wp-content\plugins\woocommerce\packages\woocommerce-blocks\src\BlockTypes\AbstractProductGrid.php(465): WC_Product_Simple->add_to_cart_text()
#4 C:\Bitnami\wordpress-5.5.1-2\apps\wordpress\htdocs\wp-content\plugins\woocommerce\packages\woocommerce-blocks\src\BlockTypes\AbstractProductGrid.php(438): Automattic\WooCommerce\Blocks\BlockTypes\AbstractProductGrid-> in C:\Bitnami\wordpress-5.5.1-2\apps\wordpress\htdocs\wp-content\plugins\innovs-woo-manager\includes\class-innovs-woo-manager.php on line 408

2020-10-26T12:51:29+00:00 CRITICAL Uncaught Error: Call to a member function get_type() on null in C:\Bitnami\wordpress-5.5.1-2\apps\wordpress\htdocs\wp-content\plugins\innovs-woo-manager\includes\class-innovs-woo-manager.php:408
Stack trace:
#0 C:\Bitnami\wordpress-5.5.1-2\apps\wordpress\htdocs\wp-includes\class-wp-hook.php(289): Innovs_Woo_Manager->innovs_woo_manager_add_to_cart_label()
#1 C:\Bitnami\wordpress-5.5.1-2\apps\wordpress\htdocs\wp-includes\plugin.php(206): WP_Hook->apply_filters()
#2 C:\Bitnami\wordpress-5.5.1-2\apps\wordpress\htdocs\wp-content\plugins\woocommerce\includes\class-wc-product-simple.php(62): apply_filters()
#3 C:\Bitnami\wordpress-5.5.1-2\apps\wordpress\htdocs\wp-content\plugins\woocommerce\packages\woocommerce-blocks\src\BlockTypes\AbstractProductGrid.php(465): WC_Product_Simple->add_to_cart_text()
#4 C:\Bitnami\wordpress-5.5.1-2\apps\wordpress\htdocs\wp-content\plugins\woocommerce\packages\woocommerce-blocks\src\BlockTypes\AbstractProductGrid.php(438): Automattic\WooCommerce\Blocks\BlockTypes\AbstractProductGrid-> in C:\Bitnami\wordpress-5.5.1-2\apps\wordpress\htdocs\wp-content\plugins\innovs-woo-manager\includes\class-innovs-woo-manager.php on line 408

2020-10-26T12:51:30+00:00 CRITICAL Uncaught Error: Call to a member function get_type() on null in C:\Bitnami\wordpress-5.5.1-2\apps\wordpress\htdocs\wp-content\plugins\innovs-woo-manager\includes\class-innovs-woo-manager.php:408
Stack trace:
#0 C:\Bitnami\wordpress-5.5.1-2\apps\wordpress\htdocs\wp-includes\class-wp-hook.php(289): Innovs_Woo_Manager->innovs_woo_manager_add_to_cart_label()
#1 C:\Bitnami\wordpress-5.5.1-2\apps\wordpress\htdocs\wp-includes\plugin.php(206): WP_Hook->apply_filters()
#2 C:\Bitnami\wordpress-5.5.1-2\apps\wordpress\htdocs\wp-content\plugins\woocommerce\includes\class-wc-product-simple.php(62): apply_filters()
#3 C:\Bitnami\wordpress-5.5.1-2\apps\wordpress\htdocs\wp-content\plugins\woocommerce\packages\woocommerce-blocks\src\BlockTypes\AbstractProductGrid.php(465): WC_Product_Simple->add_to_cart_text()
#4 C:\Bitnami\wordpress-5.5.1-2\apps\wordpress\htdocs\wp-content\plugins\woocommerce\packages\woocommerce-blocks\src\BlockTypes\AbstractProductGrid.php(438): Automattic\WooCommerce\Blocks\BlockTypes\AbstractProductGrid-> in C:\Bitnami\wordpress-5.5.1-2\apps\wordpress\htdocs\wp-content\plugins\innovs-woo-manager\includes\class-innovs-woo-manager.php on line 408

2020-10-26T12:56:25+00:00 CRITICAL Uncaught Error: Call to a member function get_type() on null in C:\Bitnami\wordpress-5.5.1-2\apps\wordpress\htdocs\wp-content\plugins\innovs-woo-manager\includes\class-innovs-woo-manager.php:408
Stack trace:
#0 C:\Bitnami\wordpress-5.5.1-2\apps\wordpress\htdocs\wp-includes\class-wp-hook.php(289): Innovs_Woo_Manager->innovs_woo_manager_add_to_cart_label()
#1 C:\Bitnami\wordpress-5.5.1-2\apps\wordpress\htdocs\wp-includes\plugin.php(206): WP_Hook->apply_filters()
#2 C:\Bitnami\wordpress-5.5.1-2\apps\wordpress\htdocs\wp-content\plugins\woocommerce\includes\class-wc-product-simple.php(62): apply_filters()
#3 C:\Bitnami\wordpress-5.5.1-2\apps\wordpress\htdocs\wp-content\plugins\woocommerce\packages\woocommerce-blocks\src\BlockTypes\AbstractProductGrid.php(465): WC_Product_Simple->add_to_cart_text()
#4 C:\Bitnami\wordpress-5.5.1-2\apps\wordpress\htdocs\wp-content\plugins\woocommerce\packages\woocommerce-blocks\src\BlockTypes\AbstractProductGrid.php(438): Automattic\WooCommerce\Blocks\BlockTypes\AbstractProductGrid-> in C:\Bitnami\wordpress-5.5.1-2\apps\wordpress\htdocs\wp-content\plugins\innovs-woo-manager\includes\class-innovs-woo-manager.php on line 408

2020-10-26T12:57:25+00:00 CRITICAL Uncaught Error: Call to a member function get_type() on null in C:\Bitnami\wordpress-5.5.1-2\apps\wordpress\htdocs\wp-content\plugins\innovs-woo-manager\includes\class-innovs-woo-manager.php:408
Stack trace:
#0 C:\Bitnami\wordpress-5.5.1-2\apps\wordpress\htdocs\wp-includes\class-wp-hook.php(289): Innovs_Woo_Manager->innovs_woo_manager_add_to_cart_label()
#1 C:\Bitnami\wordpress-5.5.1-2\apps\wordpress\htdocs\wp-includes\plugin.php(206): WP_Hook->apply_filters()
#2 C:\Bitnami\wordpress-5.5.1-2\apps\wordpress\htdocs\wp-content\plugins\woocommerce\includes\class-wc-product-simple.php(62): apply_filters()
#3 C:\Bitnami\wordpress-5.5.1-2\apps\wordpress\htdocs\wp-content\plugins\woocommerce\packages\woocommerce-blocks\src\BlockTypes\AbstractProductGrid.php(465): WC_Product_Simple->add_to_cart_text()
#4 C:\Bitnami\wordpress-5.5.1-2\apps\wordpress\htdocs\wp-content\plugins\woocommerce\packages\woocommerce-blocks\src\BlockTypes\AbstractProductGrid.php(438): Automattic\WooCommerce\Blocks\BlockTypes\AbstractProductGrid-> in C:\Bitnami\wordpress-5.5.1-2\apps\wordpress\htdocs\wp-content\plugins\innovs-woo-manager\includes\class-innovs-woo-manager.php on line 408

2020-10-26T13:06:17+00:00 CRITICAL Uncaught Error: Call to a member function get_type() on null in C:\Bitnami\wordpress-5.5.1-2\apps\wordpress\htdocs\wp-content\plugins\innovs-woo-manager\includes\class-innovs-woo-manager.php:408
Stack trace:
#0 C:\Bitnami\wordpress-5.5.1-2\apps\wordpress\htdocs\wp-includes\class-wp-hook.php(289): Innovs_Woo_Manager->innovs_woo_manager_add_to_cart_label()
#1 C:\Bitnami\wordpress-5.5.1-2\apps\wordpress\htdocs\wp-includes\plugin.php(206): WP_Hook->apply_filters()
#2 C:\Bitnami\wordpress-5.5.1-2\apps\wordpress\htdocs\wp-content\plugins\woocommerce\includes\class-wc-product-simple.php(62): apply_filters()
#3 C:\Bitnami\wordpress-5.5.1-2\apps\wordpress\htdocs\wp-content\plugins\woocommerce\packages\woocommerce-blocks\src\BlockTypes\AbstractProductGrid.php(465): WC_Product_Simple->add_to_cart_text()
#4 C:\Bitnami\wordpress-5.5.1-2\apps\wordpress\htdocs\wp-content\plugins\woocommerce\packages\woocommerce-blocks\src\BlockTypes\AbstractProductGrid.php(438): Automattic\WooCommerce\Blocks\BlockTypes\AbstractProductGrid-> in C:\Bitnami\wordpress-5.5.1-2\apps\wordpress\htdocs\wp-content\plugins\innovs-woo-manager\includes\class-innovs-woo-manager.php on line 408

2020-10-26T13:07:57+00:00 CRITICAL Uncaught Error: Call to a member function get_type() on null in C:\Bitnami\wordpress-5.5.1-2\apps\wordpress\htdocs\wp-content\plugins\innovs-woo-manager\includes\class-innovs-woo-manager.php:408
Stack trace:
#0 C:\Bitnami\wordpress-5.5.1-2\apps\wordpress\htdocs\wp-includes\class-wp-hook.php(289): Innovs_Woo_Manager->innovs_woo_manager_add_to_cart_label()
#1 C:\Bitnami\wordpress-5.5.1-2\apps\wordpress\htdocs\wp-includes\plugin.php(206): WP_Hook->apply_filters()
#2 C:\Bitnami\wordpress-5.5.1-2\apps\wordpress\htdocs\wp-content\plugins\woocommerce\includes\class-wc-product-simple.php(62): apply_filters()
#3 C:\Bitnami\wordpress-5.5.1-2\apps\wordpress\htdocs\wp-content\plugins\woocommerce\packages\woocommerce-blocks\src\BlockTypes\AbstractProductGrid.php(465): WC_Product_Simple->add_to_cart_text()
#4 C:\Bitnami\wordpress-5.5.1-2\apps\wordpress\htdocs\wp-content\plugins\woocommerce\packages\woocommerce-blocks\src\BlockTypes\AbstractProductGrid.php(438): Automattic\WooCommerce\Blocks\BlockTypes\AbstractProductGrid-> in C:\Bitnami\wordpress-5.5.1-2\apps\wordpress\htdocs\wp-content\plugins\innovs-woo-manager\includes\class-innovs-woo-manager.php on line 408

2020-10-26T13:07:59+00:00 CRITICAL Uncaught Error: Call to a member function get_type() on null in C:\Bitnami\wordpress-5.5.1-2\apps\wordpress\htdocs\wp-content\plugins\innovs-woo-manager\includes\class-innovs-woo-manager.php:408
Stack trace:
#0 C:\Bitnami\wordpress-5.5.1-2\apps\wordpress\htdocs\wp-includes\class-wp-hook.php(289): Innovs_Woo_Manager->innovs_woo_manager_add_to_cart_label()
#1 C:\Bitnami\wordpress-5.5.1-2\apps\wordpress\htdocs\wp-includes\plugin.php(206): WP_Hook->apply_filters()
#2 C:\Bitnami\wordpress-5.5.1-2\apps\wordpress\htdocs\wp-content\plugins\woocommerce\includes\class-wc-product-simple.php(62): apply_filters()
#3 C:\Bitnami\wordpress-5.5.1-2\apps\wordpress\htdocs\wp-content\plugins\woocommerce\packages\woocommerce-blocks\src\BlockTypes\AbstractProductGrid.php(465): WC_Product_Simple->add_to_cart_text()
#4 C:\Bitnami\wordpress-5.5.1-2\apps\wordpress\htdocs\wp-content\plugins\woocommerce\packages\woocommerce-blocks\src\BlockTypes\AbstractProductGrid.php(438): Automattic\WooCommerce\Blocks\BlockTypes\AbstractProductGrid-> in C:\Bitnami\wordpress-5.5.1-2\apps\wordpress\htdocs\wp-content\plugins\innovs-woo-manager\includes\class-innovs-woo-manager.php on line 408

2020-10-26T13:09:34+00:00 CRITICAL Uncaught Error: Call to a member function get_type() on null in C:\Bitnami\wordpress-5.5.1-2\apps\wordpress\htdocs\wp-content\plugins\innovs-woo-manager\includes\class-innovs-woo-manager.php:408
Stack trace:
#0 C:\Bitnami\wordpress-5.5.1-2\apps\wordpress\htdocs\wp-includes\class-wp-hook.php(289): Innovs_Woo_Manager->innovs_woo_manager_add_to_cart_label()
#1 C:\Bitnami\wordpress-5.5.1-2\apps\wordpress\htdocs\wp-includes\plugin.php(206): WP_Hook->apply_filters()
#2 C:\Bitnami\wordpress-5.5.1-2\apps\wordpress\htdocs\wp-content\plugins\woocommerce\includes\class-wc-product-simple.php(62): apply_filters()
#3 C:\Bitnami\wordpress-5.5.1-2\apps\wordpress\htdocs\wp-content\plugins\woocommerce\packages\woocommerce-blocks\src\BlockTypes\AbstractProductGrid.php(465): WC_Product_Simple->add_to_cart_text()
#4 C:\Bitnami\wordpress-5.5.1-2\apps\wordpress\htdocs\wp-content\plugins\woocommerce\packages\woocommerce-blocks\src\BlockTypes\AbstractProductGrid.php(438): Automattic\WooCommerce\Blocks\BlockTypes\AbstractProductGrid-> in C:\Bitnami\wordpress-5.5.1-2\apps\wordpress\htdocs\wp-content\plugins\innovs-woo-manager\includes\class-innovs-woo-manager.php on line 408

2020-10-26T13:09:51+00:00 CRITICAL Uncaught Error: Call to a member function get_type() on null in C:\Bitnami\wordpress-5.5.1-2\apps\wordpress\htdocs\wp-content\plugins\innovs-woo-manager\includes\class-innovs-woo-manager.php:408
Stack trace:
#0 C:\Bitnami\wordpress-5.5.1-2\apps\wordpress\htdocs\wp-includes\class-wp-hook.php(289): Innovs_Woo_Manager->innovs_woo_manager_add_to_cart_label()
#1 C:\Bitnami\wordpress-5.5.1-2\apps\wordpress\htdocs\wp-includes\plugin.php(206): WP_Hook->apply_filters()
#2 C:\Bitnami\wordpress-5.5.1-2\apps\wordpress\htdocs\wp-content\plugins\woocommerce\includes\class-wc-product-simple.php(62): apply_filters()
#3 C:\Bitnami\wordpress-5.5.1-2\apps\wordpress\htdocs\wp-content\plugins\woocommerce\packages\woocommerce-blocks\src\BlockTypes\AbstractProductGrid.php(465): WC_Product_Simple->add_to_cart_text()
#4 C:\Bitnami\wordpress-5.5.1-2\apps\wordpress\htdocs\wp-content\plugins\woocommerce\packages\woocommerce-blocks\src\BlockTypes\AbstractProductGrid.php(438): Automattic\WooCommerce\Blocks\BlockTypes\AbstractProductGrid-> in C:\Bitnami\wordpress-5.5.1-2\apps\wordpress\htdocs\wp-content\plugins\innovs-woo-manager\includes\class-innovs-woo-manager.php on line 408

2020-10-26T13:09:53+00:00 CRITICAL Uncaught Error: Call to a member function get_type() on null in C:\Bitnami\wordpress-5.5.1-2\apps\wordpress\htdocs\wp-content\plugins\innovs-woo-manager\includes\class-innovs-woo-manager.php:408
Stack trace:
#0 C:\Bitnami\wordpress-5.5.1-2\apps\wordpress\htdocs\wp-includes\class-wp-hook.php(289): Innovs_Woo_Manager->innovs_woo_manager_add_to_cart_label()
#1 C:\Bitnami\wordpress-5.5.1-2\apps\wordpress\htdocs\wp-includes\plugin.php(206): WP_Hook->apply_filters()
#2 C:\Bitnami\wordpress-5.5.1-2\apps\wordpress\htdocs\wp-content\plugins\woocommerce\includes\class-wc-product-simple.php(62): apply_filters()
#3 C:\Bitnami\wordpress-5.5.1-2\apps\wordpress\htdocs\wp-content\plugins\woocommerce\packages\woocommerce-blocks\src\BlockTypes\AbstractProductGrid.php(465): WC_Product_Simple->add_to_cart_text()
#4 C:\Bitnami\wordpress-5.5.1-2\apps\wordpress\htdocs\wp-content\plugins\woocommerce\packages\woocommerce-blocks\src\BlockTypes\AbstractProductGrid.php(438): Automattic\WooCommerce\Blocks\BlockTypes\AbstractProductGrid-> in C:\Bitnami\wordpress-5.5.1-2\apps\wordpress\htdocs\wp-content\plugins\innovs-woo-manager\includes\class-innovs-woo-manager.php on line 408

2020-10-26T13:11:42+00:00 CRITICAL Uncaught Error: Call to a member function get_type() on null in C:\Bitnami\wordpress-5.5.1-2\apps\wordpress\htdocs\wp-content\plugins\innovs-woo-manager\includes\class-innovs-woo-manager.php:408
Stack trace:
#0 C:\Bitnami\wordpress-5.5.1-2\apps\wordpress\htdocs\wp-includes\class-wp-hook.php(289): Innovs_Woo_Manager->innovs_woo_manager_add_to_cart_label()
#1 C:\Bitnami\wordpress-5.5.1-2\apps\wordpress\htdocs\wp-includes\plugin.php(206): WP_Hook->apply_filters()
#2 C:\Bitnami\wordpress-5.5.1-2\apps\wordpress\htdocs\wp-content\plugins\woocommerce\includes\class-wc-product-simple.php(62): apply_filters()
#3 C:\Bitnami\wordpress-5.5.1-2\apps\wordpress\htdocs\wp-content\plugins\woocommerce\packages\woocommerce-blocks\src\BlockTypes\AbstractProductGrid.php(465): WC_Product_Simple->add_to_cart_text()
#4 C:\Bitnami\wordpress-5.5.1-2\apps\wordpress\htdocs\wp-content\plugins\woocommerce\packages\woocommerce-blocks\src\BlockTypes\AbstractProductGrid.php(438): Automattic\WooCommerce\Blocks\BlockTypes\AbstractProductGrid-> in C:\Bitnami\wordpress-5.5.1-2\apps\wordpress\htdocs\wp-content\plugins\innovs-woo-manager\includes\class-innovs-woo-manager.php on line 408

2020-10-26T13:12:54+00:00 CRITICAL Uncaught Error: Call to a member function get_type() on null in C:\Bitnami\wordpress-5.5.1-2\apps\wordpress\htdocs\wp-content\plugins\innovs-woo-manager\includes\class-innovs-woo-manager.php:408
Stack trace:
#0 C:\Bitnami\wordpress-5.5.1-2\apps\wordpress\htdocs\wp-includes\class-wp-hook.php(289): Innovs_Woo_Manager->innovs_woo_manager_add_to_cart_label()
#1 C:\Bitnami\wordpress-5.5.1-2\apps\wordpress\htdocs\wp-includes\plugin.php(206): WP_Hook->apply_filters()
#2 C:\Bitnami\wordpress-5.5.1-2\apps\wordpress\htdocs\wp-content\plugins\woocommerce\includes\class-wc-product-simple.php(62): apply_filters()
#3 C:\Bitnami\wordpress-5.5.1-2\apps\wordpress\htdocs\wp-content\plugins\woocommerce\packages\woocommerce-blocks\src\BlockTypes\AbstractProductGrid.php(465): WC_Product_Simple->add_to_cart_text()
#4 C:\Bitnami\wordpress-5.5.1-2\apps\wordpress\htdocs\wp-content\plugins\woocommerce\packages\woocommerce-blocks\src\BlockTypes\AbstractProductGrid.php(438): Automattic\WooCommerce\Blocks\BlockTypes\AbstractProductGrid-> in C:\Bitnami\wordpress-5.5.1-2\apps\wordpress\htdocs\wp-content\plugins\innovs-woo-manager\includes\class-innovs-woo-manager.php on line 408

2020-10-26T13:13:09+00:00 CRITICAL Uncaught Error: Call to a member function get_type() on null in C:\Bitnami\wordpress-5.5.1-2\apps\wordpress\htdocs\wp-content\plugins\innovs-woo-manager\includes\class-innovs-woo-manager.php:408
Stack trace:
#0 C:\Bitnami\wordpress-5.5.1-2\apps\wordpress\htdocs\wp-includes\class-wp-hook.php(289): Innovs_Woo_Manager->innovs_woo_manager_add_to_cart_label()
#1 C:\Bitnami\wordpress-5.5.1-2\apps\wordpress\htdocs\wp-includes\plugin.php(206): WP_Hook->apply_filters()
#2 C:\Bitnami\wordpress-5.5.1-2\apps\wordpress\htdocs\wp-content\plugins\woocommerce\includes\class-wc-product-simple.php(62): apply_filters()
#3 C:\Bitnami\wordpress-5.5.1-2\apps\wordpress\htdocs\wp-content\plugins\woocommerce\packages\woocommerce-blocks\src\BlockTypes\AbstractProductGrid.php(465): WC_Product_Simple->add_to_cart_text()
#4 C:\Bitnami\wordpress-5.5.1-2\apps\wordpress\htdocs\wp-content\plugins\woocommerce\packages\woocommerce-blocks\src\BlockTypes\AbstractProductGrid.php(438): Automattic\WooCommerce\Blocks\BlockTypes\AbstractProductGrid-> in C:\Bitnami\wordpress-5.5.1-2\apps\wordpress\htdocs\wp-content\plugins\innovs-woo-manager\includes\class-innovs-woo-manager.php on line 408

2020-10-26T13:13:15+00:00 CRITICAL Uncaught Error: Call to a member function get_type() on null in C:\Bitnami\wordpress-5.5.1-2\apps\wordpress\htdocs\wp-content\plugins\innovs-woo-manager\includes\class-innovs-woo-manager.php:408
Stack trace:
#0 C:\Bitnami\wordpress-5.5.1-2\apps\wordpress\htdocs\wp-includes\class-wp-hook.php(289): Innovs_Woo_Manager->innovs_woo_manager_add_to_cart_label()
#1 C:\Bitnami\wordpress-5.5.1-2\apps\wordpress\htdocs\wp-includes\plugin.php(206): WP_Hook->apply_filters()
#2 C:\Bitnami\wordpress-5.5.1-2\apps\wordpress\htdocs\wp-content\plugins\woocommerce\includes\class-wc-product-simple.php(62): apply_filters()
#3 C:\Bitnami\wordpress-5.5.1-2\apps\wordpress\htdocs\wp-content\plugins\woocommerce\packages\woocommerce-blocks\src\BlockTypes\AbstractProductGrid.php(465): WC_Product_Simple->add_to_cart_text()
#4 C:\Bitnami\wordpress-5.5.1-2\apps\wordpress\htdocs\wp-content\plugins\woocommerce\packages\woocommerce-blocks\src\BlockTypes\AbstractProductGrid.php(438): Automattic\WooCommerce\Blocks\BlockTypes\AbstractProductGrid-> in C:\Bitnami\wordpress-5.5.1-2\apps\wordpress\htdocs\wp-content\plugins\innovs-woo-manager\includes\class-innovs-woo-manager.php on line 408

2020-10-26T13:13:48+00:00 CRITICAL Uncaught Error: Call to a member function get_type() on null in C:\Bitnami\wordpress-5.5.1-2\apps\wordpress\htdocs\wp-content\plugins\innovs-woo-manager\includes\class-innovs-woo-manager.php:408
Stack trace:
#0 C:\Bitnami\wordpress-5.5.1-2\apps\wordpress\htdocs\wp-includes\class-wp-hook.php(289): Innovs_Woo_Manager->innovs_woo_manager_add_to_cart_label()
#1 C:\Bitnami\wordpress-5.5.1-2\apps\wordpress\htdocs\wp-includes\plugin.php(206): WP_Hook->apply_filters()
#2 C:\Bitnami\wordpress-5.5.1-2\apps\wordpress\htdocs\wp-content\plugins\woocommerce\includes\class-wc-product-simple.php(62): apply_filters()
#3 C:\Bitnami\wordpress-5.5.1-2\apps\wordpress\htdocs\wp-content\plugins\woocommerce\packages\woocommerce-blocks\src\BlockTypes\AbstractProductGrid.php(465): WC_Product_Simple->add_to_cart_text()
#4 C:\Bitnami\wordpress-5.5.1-2\apps\wordpress\htdocs\wp-content\plugins\woocommerce\packages\woocommerce-blocks\src\BlockTypes\AbstractProductGrid.php(438): Automattic\WooCommerce\Blocks\BlockTypes\AbstractProductGrid-> in C:\Bitnami\wordpress-5.5.1-2\apps\wordpress\htdocs\wp-content\plugins\innovs-woo-manager\includes\class-innovs-woo-manager.php on line 408

2020-10-26T13:14:49+00:00 CRITICAL Uncaught Error: Call to a member function get_type() on null in C:\Bitnami\wordpress-5.5.1-2\apps\wordpress\htdocs\wp-content\plugins\innovs-woo-manager\includes\class-innovs-woo-manager.php:408
Stack trace:
#0 C:\Bitnami\wordpress-5.5.1-2\apps\wordpress\htdocs\wp-includes\class-wp-hook.php(289): Innovs_Woo_Manager->innovs_woo_manager_add_to_cart_label()
#1 C:\Bitnami\wordpress-5.5.1-2\apps\wordpress\htdocs\wp-includes\plugin.php(206): WP_Hook->apply_filters()
#2 C:\Bitnami\wordpress-5.5.1-2\apps\wordpress\htdocs\wp-content\plugins\woocommerce\includes\class-wc-product-simple.php(62): apply_filters()
#3 C:\Bitnami\wordpress-5.5.1-2\apps\wordpress\htdocs\wp-content\plugins\woocommerce\packages\woocommerce-blocks\src\BlockTypes\AbstractProductGrid.php(465): WC_Product_Simple->add_to_cart_text()
#4 C:\Bitnami\wordpress-5.5.1-2\apps\wordpress\htdocs\wp-content\plugins\woocommerce\packages\woocommerce-blocks\src\BlockTypes\AbstractProductGrid.php(438): Automattic\WooCommerce\Blocks\BlockTypes\AbstractProductGrid-> in C:\Bitnami\wordpress-5.5.1-2\apps\wordpress\htdocs\wp-content\plugins\innovs-woo-manager\includes\class-innovs-woo-manager.php on line 408

2020-10-26T13:15:40+00:00 CRITICAL Uncaught Error: Call to a member function get_type() on null in C:\Bitnami\wordpress-5.5.1-2\apps\wordpress\htdocs\wp-content\plugins\innovs-woo-manager\includes\class-innovs-woo-manager.php:408
Stack trace:
#0 C:\Bitnami\wordpress-5.5.1-2\apps\wordpress\htdocs\wp-includes\class-wp-hook.php(289): Innovs_Woo_Manager->innovs_woo_manager_add_to_cart_label()
#1 C:\Bitnami\wordpress-5.5.1-2\apps\wordpress\htdocs\wp-includes\plugin.php(206): WP_Hook->apply_filters()
#2 C:\Bitnami\wordpress-5.5.1-2\apps\wordpress\htdocs\wp-content\plugins\woocommerce\includes\class-wc-product-simple.php(62): apply_filters()
#3 C:\Bitnami\wordpress-5.5.1-2\apps\wordpress\htdocs\wp-content\plugins\woocommerce\packages\woocommerce-blocks\src\BlockTypes\AbstractProductGrid.php(465): WC_Product_Simple->add_to_cart_text()
#4 C:\Bitnami\wordpress-5.5.1-2\apps\wordpress\htdocs\wp-content\plugins\woocommerce\packages\woocommerce-blocks\src\BlockTypes\AbstractProductGrid.php(438): Automattic\WooCommerce\Blocks\BlockTypes\AbstractProductGrid-> in C:\Bitnami\wordpress-5.5.1-2\apps\wordpress\htdocs\wp-content\plugins\innovs-woo-manager\includes\class-innovs-woo-manager.php on line 408

2020-10-26T13:15:55+00:00 CRITICAL Uncaught Error: Call to a member function get_type() on null in C:\Bitnami\wordpress-5.5.1-2\apps\wordpress\htdocs\wp-content\plugins\innovs-woo-manager\includes\class-innovs-woo-manager.php:408
Stack trace:
#0 C:\Bitnami\wordpress-5.5.1-2\apps\wordpress\htdocs\wp-includes\class-wp-hook.php(289): Innovs_Woo_Manager->innovs_woo_manager_add_to_cart_label()
#1 C:\Bitnami\wordpress-5.5.1-2\apps\wordpress\htdocs\wp-includes\plugin.php(206): WP_Hook->apply_filters()
#2 C:\Bitnami\wordpress-5.5.1-2\apps\wordpress\htdocs\wp-content\plugins\woocommerce\includes\class-wc-product-simple.php(62): apply_filters()
#3 C:\Bitnami\wordpress-5.5.1-2\apps\wordpress\htdocs\wp-content\plugins\woocommerce\packages\woocommerce-blocks\src\BlockTypes\AbstractProductGrid.php(465): WC_Product_Simple->add_to_cart_text()
#4 C:\Bitnami\wordpress-5.5.1-2\apps\wordpress\htdocs\wp-content\plugins\woocommerce\packages\woocommerce-blocks\src\BlockTypes\AbstractProductGrid.php(438): Automattic\WooCommerce\Blocks\BlockTypes\AbstractProductGrid-> in C:\Bitnami\wordpress-5.5.1-2\apps\wordpress\htdocs\wp-content\plugins\innovs-woo-manager\includes\class-innovs-woo-manager.php on line 408

2020-10-26T13:21:17+00:00 CRITICAL Uncaught Error: Call to a member function get_type() on null in C:\Bitnami\wordpress-5.5.1-2\apps\wordpress\htdocs\wp-content\plugins\innovs-woo-manager\includes\class-innovs-woo-manager.php:408
Stack trace:
#0 C:\Bitnami\wordpress-5.5.1-2\apps\wordpress\htdocs\wp-includes\class-wp-hook.php(289): Innovs_Woo_Manager->innovs_woo_manager_add_to_cart_label()
#1 C:\Bitnami\wordpress-5.5.1-2\apps\wordpress\htdocs\wp-includes\plugin.php(206): WP_Hook->apply_filters()
#2 C:\Bitnami\wordpress-5.5.1-2\apps\wordpress\htdocs\wp-content\plugins\woocommerce\includes\class-wc-product-simple.php(62): apply_filters()
#3 C:\Bitnami\wordpress-5.5.1-2\apps\wordpress\htdocs\wp-content\plugins\woocommerce\packages\woocommerce-blocks\src\StoreApi\Schemas\ProductSchema.php(448): WC_Product_Simple->add_to_cart_text()
#4 C:\Bitnami\wordpress-5.5.1-2\apps\wordpress\htdocs\wp-content\plugins\woocommerce\packages\woocommerce-blocks\src\StoreApi\Routes\Products.php(56): Automattic\WooCommerce\Blocks\StoreApi\Schemas\ProductSchema->get_ite in C:\Bitnami\wordpress-5.5.1-2\apps\wordpress\htdocs\wp-content\plugins\innovs-woo-manager\includes\class-innovs-woo-manager.php on line 408

2020-10-26T13:25:05+00:00 CRITICAL Uncaught Error: Call to a member function get_type() on null in C:\Bitnami\wordpress-5.5.1-2\apps\wordpress\htdocs\wp-content\plugins\innovs-woo-manager\includes\class-innovs-woo-manager.php:408
Stack trace:
#0 C:\Bitnami\wordpress-5.5.1-2\apps\wordpress\htdocs\wp-includes\class-wp-hook.php(289): Innovs_Woo_Manager->innovs_woo_manager_add_to_cart_label()
#1 C:\Bitnami\wordpress-5.5.1-2\apps\wordpress\htdocs\wp-includes\plugin.php(206): WP_Hook->apply_filters()
#2 C:\Bitnami\wordpress-5.5.1-2\apps\wordpress\htdocs\wp-content\plugins\woocommerce\includes\class-wc-product-simple.php(62): apply_filters()
#3 C:\Bitnami\wordpress-5.5.1-2\apps\wordpress\htdocs\wp-content\plugins\woocommerce\packages\woocommerce-blocks\src\BlockTypes\AbstractProductGrid.php(465): WC_Product_Simple->add_to_cart_text()
#4 C:\Bitnami\wordpress-5.5.1-2\apps\wordpress\htdocs\wp-content\plugins\woocommerce\packages\woocommerce-blocks\src\BlockTypes\AbstractProductGrid.php(438): Automattic\WooCommerce\Blocks\BlockTypes\AbstractProductGrid-> in C:\Bitnami\wordpress-5.5.1-2\apps\wordpress\htdocs\wp-content\plugins\innovs-woo-manager\includes\class-innovs-woo-manager.php on line 408

2020-10-26T13:25:15+00:00 CRITICAL Uncaught Error: Call to a member function get_type() on null in C:\Bitnami\wordpress-5.5.1-2\apps\wordpress\htdocs\wp-content\plugins\innovs-woo-manager\includes\class-innovs-woo-manager.php:408
Stack trace:
#0 C:\Bitnami\wordpress-5.5.1-2\apps\wordpress\htdocs\wp-includes\class-wp-hook.php(289): Innovs_Woo_Manager->innovs_woo_manager_add_to_cart_label()
#1 C:\Bitnami\wordpress-5.5.1-2\apps\wordpress\htdocs\wp-includes\plugin.php(206): WP_Hook->apply_filters()
#2 C:\Bitnami\wordpress-5.5.1-2\apps\wordpress\htdocs\wp-content\plugins\woocommerce\includes\class-wc-product-simple.php(62): apply_filters()
#3 C:\Bitnami\wordpress-5.5.1-2\apps\wordpress\htdocs\wp-content\plugins\woocommerce\packages\woocommerce-blocks\src\BlockTypes\AbstractProductGrid.php(465): WC_Product_Simple->add_to_cart_text()
#4 C:\Bitnami\wordpress-5.5.1-2\apps\wordpress\htdocs\wp-content\plugins\woocommerce\packages\woocommerce-blocks\src\BlockTypes\AbstractProductGrid.php(438): Automattic\WooCommerce\Blocks\BlockTypes\AbstractProductGrid-> in C:\Bitnami\wordpress-5.5.1-2\apps\wordpress\htdocs\wp-content\plugins\innovs-woo-manager\includes\class-innovs-woo-manager.php on line 408

2020-10-26T13:26:45+00:00 CRITICAL Uncaught Error: Call to a member function get_type() on null in C:\Bitnami\wordpress-5.5.1-2\apps\wordpress\htdocs\wp-content\plugins\innovs-woo-manager\includes\class-innovs-woo-manager.php:408
Stack trace:
#0 C:\Bitnami\wordpress-5.5.1-2\apps\wordpress\htdocs\wp-includes\class-wp-hook.php(289): Innovs_Woo_Manager->innovs_woo_manager_add_to_cart_label()
#1 C:\Bitnami\wordpress-5.5.1-2\apps\wordpress\htdocs\wp-includes\plugin.php(206): WP_Hook->apply_filters()
#2 C:\Bitnami\wordpress-5.5.1-2\apps\wordpress\htdocs\wp-content\plugins\woocommerce\includes\class-wc-product-simple.php(62): apply_filters()
#3 C:\Bitnami\wordpress-5.5.1-2\apps\wordpress\htdocs\wp-content\plugins\woocommerce\packages\woocommerce-blocks\src\BlockTypes\AbstractProductGrid.php(465): WC_Product_Simple->add_to_cart_text()
#4 C:\Bitnami\wordpress-5.5.1-2\apps\wordpress\htdocs\wp-content\plugins\woocommerce\packages\woocommerce-blocks\src\BlockTypes\AbstractProductGrid.php(438): Automattic\WooCommerce\Blocks\BlockTypes\AbstractProductGrid-> in C:\Bitnami\wordpress-5.5.1-2\apps\wordpress\htdocs\wp-content\plugins\innovs-woo-manager\includes\class-innovs-woo-manager.php on line 408

2020-10-26T13:35:10+00:00 CRITICAL Uncaught Error: Call to a member function get_type() on null in C:\Bitnami\wordpress-5.5.1-2\apps\wordpress\htdocs\wp-content\plugins\innovs-woo-manager\includes\class-innovs-woo-manager.php:408
Stack trace:
#0 C:\Bitnami\wordpress-5.5.1-2\apps\wordpress\htdocs\wp-includes\class-wp-hook.php(289): Innovs_Woo_Manager->innovs_woo_manager_add_to_cart_label()
#1 C:\Bitnami\wordpress-5.5.1-2\apps\wordpress\htdocs\wp-includes\plugin.php(206): WP_Hook->apply_filters()
#2 C:\Bitnami\wordpress-5.5.1-2\apps\wordpress\htdocs\wp-content\plugins\woocommerce\includes\class-wc-product-simple.php(62): apply_filters()
#3 C:\Bitnami\wordpress-5.5.1-2\apps\wordpress\htdocs\wp-content\plugins\woocommerce\packages\woocommerce-blocks\src\BlockTypes\AbstractProductGrid.php(465): WC_Product_Simple->add_to_cart_text()
#4 C:\Bitnami\wordpress-5.5.1-2\apps\wordpress\htdocs\wp-content\plugins\woocommerce\packages\woocommerce-blocks\src\BlockTypes\AbstractProductGrid.php(438): Automattic\WooCommerce\Blocks\BlockTypes\AbstractProductGrid-> in C:\Bitnami\wordpress-5.5.1-2\apps\wordpress\htdocs\wp-content\plugins\innovs-woo-manager\includes\class-innovs-woo-manager.php on line 408

2020-10-26T13:39:53+00:00 CRITICAL Uncaught Error: Call to a member function get_type() on null in C:\Bitnami\wordpress-5.5.1-2\apps\wordpress\htdocs\wp-content\plugins\innovs-woo-manager\includes\class-innovs-woo-manager.php:408
Stack trace:
#0 C:\Bitnami\wordpress-5.5.1-2\apps\wordpress\htdocs\wp-includes\class-wp-hook.php(289): Innovs_Woo_Manager->innovs_woo_manager_add_to_cart_label()
#1 C:\Bitnami\wordpress-5.5.1-2\apps\wordpress\htdocs\wp-includes\plugin.php(206): WP_Hook->apply_filters()
#2 C:\Bitnami\wordpress-5.5.1-2\apps\wordpress\htdocs\wp-content\plugins\woocommerce\includes\class-wc-product-simple.php(62): apply_filters()
#3 C:\Bitnami\wordpress-5.5.1-2\apps\wordpress\htdocs\wp-content\plugins\woocommerce\packages\woocommerce-blocks\src\StoreApi\Schemas\ProductSchema.php(448): WC_Product_Simple->add_to_cart_text()
#4 C:\Bitnami\wordpress-5.5.1-2\apps\wordpress\htdocs\wp-content\plugins\woocommerce\packages\woocommerce-blocks\src\StoreApi\Routes\Products.php(56): Automattic\WooCommerce\Blocks\StoreApi\Schemas\ProductSchema->get_ite in C:\Bitnami\wordpress-5.5.1-2\apps\wordpress\htdocs\wp-content\plugins\innovs-woo-manager\includes\class-innovs-woo-manager.php on line 408

2020-10-26T13:40:11+00:00 CRITICAL Uncaught Error: Call to a member function get_type() on null in C:\Bitnami\wordpress-5.5.1-2\apps\wordpress\htdocs\wp-content\plugins\innovs-woo-manager\includes\class-innovs-woo-manager.php:408
Stack trace:
#0 C:\Bitnami\wordpress-5.5.1-2\apps\wordpress\htdocs\wp-includes\class-wp-hook.php(289): Innovs_Woo_Manager->innovs_woo_manager_add_to_cart_label()
#1 C:\Bitnami\wordpress-5.5.1-2\apps\wordpress\htdocs\wp-includes\plugin.php(206): WP_Hook->apply_filters()
#2 C:\Bitnami\wordpress-5.5.1-2\apps\wordpress\htdocs\wp-content\plugins\woocommerce\includes\class-wc-product-simple.php(62): apply_filters()
#3 C:\Bitnami\wordpress-5.5.1-2\apps\wordpress\htdocs\wp-content\plugins\woocommerce\packages\woocommerce-blocks\src\BlockTypes\AbstractProductGrid.php(465): WC_Product_Simple->add_to_cart_text()
#4 C:\Bitnami\wordpress-5.5.1-2\apps\wordpress\htdocs\wp-content\plugins\woocommerce\packages\woocommerce-blocks\src\BlockTypes\AbstractProductGrid.php(438): Automattic\WooCommerce\Blocks\BlockTypes\AbstractProductGrid-> in C:\Bitnami\wordpress-5.5.1-2\apps\wordpress\htdocs\wp-content\plugins\innovs-woo-manager\includes\class-innovs-woo-manager.php on line 408

2020-10-26T13:40:21+00:00 CRITICAL Uncaught Error: Call to a member function get_type() on null in C:\Bitnami\wordpress-5.5.1-2\apps\wordpress\htdocs\wp-content\plugins\innovs-woo-manager\includes\class-innovs-woo-manager.php:408
Stack trace:
#0 C:\Bitnami\wordpress-5.5.1-2\apps\wordpress\htdocs\wp-includes\class-wp-hook.php(289): Innovs_Woo_Manager->innovs_woo_manager_add_to_cart_label()
#1 C:\Bitnami\wordpress-5.5.1-2\apps\wordpress\htdocs\wp-includes\plugin.php(206): WP_Hook->apply_filters()
#2 C:\Bitnami\wordpress-5.5.1-2\apps\wordpress\htdocs\wp-content\plugins\woocommerce\includes\class-wc-product-simple.php(62): apply_filters()
#3 C:\Bitnami\wordpress-5.5.1-2\apps\wordpress\htdocs\wp-content\plugins\woocommerce\packages\woocommerce-blocks\src\BlockTypes\AbstractProductGrid.php(465): WC_Product_Simple->add_to_cart_text()
#4 C:\Bitnami\wordpress-5.5.1-2\apps\wordpress\htdocs\wp-content\plugins\woocommerce\packages\woocommerce-blocks\src\BlockTypes\AbstractProductGrid.php(438): Automattic\WooCommerce\Blocks\BlockTypes\AbstractProductGrid-> in C:\Bitnami\wordpress-5.5.1-2\apps\wordpress\htdocs\wp-content\plugins\innovs-woo-manager\includes\class-innovs-woo-manager.php on line 408

2020-10-26T13:40:30+00:00 CRITICAL Uncaught Error: Call to a member function get_type() on null in C:\Bitnami\wordpress-5.5.1-2\apps\wordpress\htdocs\wp-content\plugins\innovs-woo-manager\includes\class-innovs-woo-manager.php:408
Stack trace:
#0 C:\Bitnami\wordpress-5.5.1-2\apps\wordpress\htdocs\wp-includes\class-wp-hook.php(289): Innovs_Woo_Manager->innovs_woo_manager_add_to_cart_label()
#1 C:\Bitnami\wordpress-5.5.1-2\apps\wordpress\htdocs\wp-includes\plugin.php(206): WP_Hook->apply_filters()
#2 C:\Bitnami\wordpress-5.5.1-2\apps\wordpress\htdocs\wp-content\plugins\woocommerce\includes\class-wc-product-simple.php(62): apply_filters()
#3 C:\Bitnami\wordpress-5.5.1-2\apps\wordpress\htdocs\wp-content\plugins\woocommerce\packages\woocommerce-blocks\src\BlockTypes\AbstractProductGrid.php(465): WC_Product_Simple->add_to_cart_text()
#4 C:\Bitnami\wordpress-5.5.1-2\apps\wordpress\htdocs\wp-content\plugins\woocommerce\packages\woocommerce-blocks\src\BlockTypes\AbstractProductGrid.php(438): Automattic\WooCommerce\Blocks\BlockTypes\AbstractProductGrid-> in C:\Bitnami\wordpress-5.5.1-2\apps\wordpress\htdocs\wp-content\plugins\innovs-woo-manager\includes\class-innovs-woo-manager.php on line 408

2020-10-26T13:40:38+00:00 CRITICAL Uncaught Error: Call to a member function get_type() on null in C:\Bitnami\wordpress-5.5.1-2\apps\wordpress\htdocs\wp-content\plugins\innovs-woo-manager\includes\class-innovs-woo-manager.php:408
Stack trace:
#0 C:\Bitnami\wordpress-5.5.1-2\apps\wordpress\htdocs\wp-includes\class-wp-hook.php(289): Innovs_Woo_Manager->innovs_woo_manager_add_to_cart_label()
#1 C:\Bitnami\wordpress-5.5.1-2\apps\wordpress\htdocs\wp-includes\plugin.php(206): WP_Hook->apply_filters()
#2 C:\Bitnami\wordpress-5.5.1-2\apps\wordpress\htdocs\wp-content\plugins\woocommerce\includes\class-wc-product-simple.php(62): apply_filters()
#3 C:\Bitnami\wordpress-5.5.1-2\apps\wordpress\htdocs\wp-content\plugins\woocommerce\packages\woocommerce-blocks\src\BlockTypes\AbstractProductGrid.php(465): WC_Product_Simple->add_to_cart_text()
#4 C:\Bitnami\wordpress-5.5.1-2\apps\wordpress\htdocs\wp-content\plugins\woocommerce\packages\woocommerce-blocks\src\BlockTypes\AbstractProductGrid.php(438): Automattic\WooCommerce\Blocks\BlockTypes\AbstractProductGrid-> in C:\Bitnami\wordpress-5.5.1-2\apps\wordpress\htdocs\wp-content\plugins\innovs-woo-manager\includes\class-innovs-woo-manager.php on line 408

