2020-10-25T17:05:13+00:00 CRITICAL Uncaught Error: Call to a member function get_type() on null in C:\Bitnami\wordpress-5.5.1-2\apps\wordpress\htdocs\wp-content\plugins\innovs-woo-manager\includes\class-innovs-woo-manager.php:408
Stack trace:
#0 C:\Bitnami\wordpress-5.5.1-2\apps\wordpress\htdocs\wp-includes\class-wp-hook.php(289): Innovs_Woo_Manager->innovs_woo_manager_add_to_cart_label()
#1 C:\Bitnami\wordpress-5.5.1-2\apps\wordpress\htdocs\wp-includes\plugin.php(206): WP_Hook->apply_filters()
#2 C:\Bitnami\wordpress-5.5.1-2\apps\wordpress\htdocs\wp-content\plugins\woocommerce\includes\class-wc-product-simple.php(62): apply_filters()
#3 C:\Bitnami\wordpress-5.5.1-2\apps\wordpress\htdocs\wp-content\plugins\woocommerce\packages\woocommerce-blocks\src\BlockTypes\AbstractProductGrid.php(465): WC_Product_Simple->add_to_cart_text()
#4 C:\Bitnami\wordpress-5.5.1-2\apps\wordpress\htdocs\wp-content\plugins\woocommerce\packages\woocommerce-blocks\src\BlockTypes\AbstractProductGrid.php(438): Automattic\WooCommerce\Blocks\BlockTypes\AbstractProductGrid-> in C:\Bitnami\wordpress-5.5.1-2\apps\wordpress\htdocs\wp-content\plugins\innovs-woo-manager\includes\class-innovs-woo-manager.php on line 408

2020-10-25T17:05:22+00:00 CRITICAL Uncaught Error: Call to a member function get_type() on null in C:\Bitnami\wordpress-5.5.1-2\apps\wordpress\htdocs\wp-content\plugins\innovs-woo-manager\includes\class-innovs-woo-manager.php:408
Stack trace:
#0 C:\Bitnami\wordpress-5.5.1-2\apps\wordpress\htdocs\wp-includes\class-wp-hook.php(289): Innovs_Woo_Manager->innovs_woo_manager_add_to_cart_label()
#1 C:\Bitnami\wordpress-5.5.1-2\apps\wordpress\htdocs\wp-includes\plugin.php(206): WP_Hook->apply_filters()
#2 C:\Bitnami\wordpress-5.5.1-2\apps\wordpress\htdocs\wp-content\plugins\woocommerce\includes\class-wc-product-simple.php(62): apply_filters()
#3 C:\Bitnami\wordpress-5.5.1-2\apps\wordpress\htdocs\wp-content\plugins\woocommerce\packages\woocommerce-blocks\src\BlockTypes\AbstractProductGrid.php(465): WC_Product_Simple->add_to_cart_text()
#4 C:\Bitnami\wordpress-5.5.1-2\apps\wordpress\htdocs\wp-content\plugins\woocommerce\packages\woocommerce-blocks\src\BlockTypes\AbstractProductGrid.php(438): Automattic\WooCommerce\Blocks\BlockTypes\AbstractProductGrid-> in C:\Bitnami\wordpress-5.5.1-2\apps\wordpress\htdocs\wp-content\plugins\innovs-woo-manager\includes\class-innovs-woo-manager.php on line 408

2020-10-25T17:05:28+00:00 CRITICAL Uncaught Error: Call to a member function get_type() on null in C:\Bitnami\wordpress-5.5.1-2\apps\wordpress\htdocs\wp-content\plugins\innovs-woo-manager\includes\class-innovs-woo-manager.php:408
Stack trace:
#0 C:\Bitnami\wordpress-5.5.1-2\apps\wordpress\htdocs\wp-includes\class-wp-hook.php(289): Innovs_Woo_Manager->innovs_woo_manager_add_to_cart_label()
#1 C:\Bitnami\wordpress-5.5.1-2\apps\wordpress\htdocs\wp-includes\plugin.php(206): WP_Hook->apply_filters()
#2 C:\Bitnami\wordpress-5.5.1-2\apps\wordpress\htdocs\wp-content\plugins\woocommerce\includes\class-wc-product-simple.php(62): apply_filters()
#3 C:\Bitnami\wordpress-5.5.1-2\apps\wordpress\htdocs\wp-content\plugins\woocommerce\packages\woocommerce-blocks\src\BlockTypes\AbstractProductGrid.php(465): WC_Product_Simple->add_to_cart_text()
#4 C:\Bitnami\wordpress-5.5.1-2\apps\wordpress\htdocs\wp-content\plugins\woocommerce\packages\woocommerce-blocks\src\BlockTypes\AbstractProductGrid.php(438): Automattic\WooCommerce\Blocks\BlockTypes\AbstractProductGrid-> in C:\Bitnami\wordpress-5.5.1-2\apps\wordpress\htdocs\wp-content\plugins\innovs-woo-manager\includes\class-innovs-woo-manager.php on line 408

2020-10-25T17:05:34+00:00 CRITICAL Uncaught Error: Call to a member function get_type() on null in C:\Bitnami\wordpress-5.5.1-2\apps\wordpress\htdocs\wp-content\plugins\innovs-woo-manager\includes\class-innovs-woo-manager.php:408
Stack trace:
#0 C:\Bitnami\wordpress-5.5.1-2\apps\wordpress\htdocs\wp-includes\class-wp-hook.php(289): Innovs_Woo_Manager->innovs_woo_manager_add_to_cart_label()
#1 C:\Bitnami\wordpress-5.5.1-2\apps\wordpress\htdocs\wp-includes\plugin.php(206): WP_Hook->apply_filters()
#2 C:\Bitnami\wordpress-5.5.1-2\apps\wordpress\htdocs\wp-content\plugins\woocommerce\includes\class-wc-product-simple.php(62): apply_filters()
#3 C:\Bitnami\wordpress-5.5.1-2\apps\wordpress\htdocs\wp-content\plugins\woocommerce\packages\woocommerce-blocks\src\BlockTypes\AbstractProductGrid.php(465): WC_Product_Simple->add_to_cart_text()
#4 C:\Bitnami\wordpress-5.5.1-2\apps\wordpress\htdocs\wp-content\plugins\woocommerce\packages\woocommerce-blocks\src\BlockTypes\AbstractProductGrid.php(438): Automattic\WooCommerce\Blocks\BlockTypes\AbstractProductGrid-> in C:\Bitnami\wordpress-5.5.1-2\apps\wordpress\htdocs\wp-content\plugins\innovs-woo-manager\includes\class-innovs-woo-manager.php on line 408

2020-10-25T17:05:39+00:00 CRITICAL Uncaught Error: Call to a member function get_type() on null in C:\Bitnami\wordpress-5.5.1-2\apps\wordpress\htdocs\wp-content\plugins\innovs-woo-manager\includes\class-innovs-woo-manager.php:408
Stack trace:
#0 C:\Bitnami\wordpress-5.5.1-2\apps\wordpress\htdocs\wp-includes\class-wp-hook.php(289): Innovs_Woo_Manager->innovs_woo_manager_add_to_cart_label()
#1 C:\Bitnami\wordpress-5.5.1-2\apps\wordpress\htdocs\wp-includes\plugin.php(206): WP_Hook->apply_filters()
#2 C:\Bitnami\wordpress-5.5.1-2\apps\wordpress\htdocs\wp-content\plugins\woocommerce\includes\class-wc-product-simple.php(62): apply_filters()
#3 C:\Bitnami\wordpress-5.5.1-2\apps\wordpress\htdocs\wp-content\plugins\woocommerce\packages\woocommerce-blocks\src\BlockTypes\AbstractProductGrid.php(465): WC_Product_Simple->add_to_cart_text()
#4 C:\Bitnami\wordpress-5.5.1-2\apps\wordpress\htdocs\wp-content\plugins\woocommerce\packages\woocommerce-blocks\src\BlockTypes\AbstractProductGrid.php(438): Automattic\WooCommerce\Blocks\BlockTypes\AbstractProductGrid-> in C:\Bitnami\wordpress-5.5.1-2\apps\wordpress\htdocs\wp-content\plugins\innovs-woo-manager\includes\class-innovs-woo-manager.php on line 408

2020-10-25T17:05:51+00:00 CRITICAL Uncaught Error: Call to a member function get_type() on null in C:\Bitnami\wordpress-5.5.1-2\apps\wordpress\htdocs\wp-content\plugins\innovs-woo-manager\includes\class-innovs-woo-manager.php:408
Stack trace:
#0 C:\Bitnami\wordpress-5.5.1-2\apps\wordpress\htdocs\wp-includes\class-wp-hook.php(289): Innovs_Woo_Manager->innovs_woo_manager_add_to_cart_label()
#1 C:\Bitnami\wordpress-5.5.1-2\apps\wordpress\htdocs\wp-includes\plugin.php(206): WP_Hook->apply_filters()
#2 C:\Bitnami\wordpress-5.5.1-2\apps\wordpress\htdocs\wp-content\plugins\woocommerce\includes\class-wc-product-simple.php(62): apply_filters()
#3 C:\Bitnami\wordpress-5.5.1-2\apps\wordpress\htdocs\wp-content\plugins\woocommerce\packages\woocommerce-blocks\src\BlockTypes\AbstractProductGrid.php(465): WC_Product_Simple->add_to_cart_text()
#4 C:\Bitnami\wordpress-5.5.1-2\apps\wordpress\htdocs\wp-content\plugins\woocommerce\packages\woocommerce-blocks\src\BlockTypes\AbstractProductGrid.php(438): Automattic\WooCommerce\Blocks\BlockTypes\AbstractProductGrid-> in C:\Bitnami\wordpress-5.5.1-2\apps\wordpress\htdocs\wp-content\plugins\innovs-woo-manager\includes\class-innovs-woo-manager.php on line 408

2020-10-25T17:05:57+00:00 CRITICAL Uncaught Error: Call to a member function get_type() on null in C:\Bitnami\wordpress-5.5.1-2\apps\wordpress\htdocs\wp-content\plugins\innovs-woo-manager\includes\class-innovs-woo-manager.php:408
Stack trace:
#0 C:\Bitnami\wordpress-5.5.1-2\apps\wordpress\htdocs\wp-includes\class-wp-hook.php(289): Innovs_Woo_Manager->innovs_woo_manager_add_to_cart_label()
#1 C:\Bitnami\wordpress-5.5.1-2\apps\wordpress\htdocs\wp-includes\plugin.php(206): WP_Hook->apply_filters()
#2 C:\Bitnami\wordpress-5.5.1-2\apps\wordpress\htdocs\wp-content\plugins\woocommerce\includes\class-wc-product-simple.php(62): apply_filters()
#3 C:\Bitnami\wordpress-5.5.1-2\apps\wordpress\htdocs\wp-content\plugins\woocommerce\packages\woocommerce-blocks\src\BlockTypes\AbstractProductGrid.php(465): WC_Product_Simple->add_to_cart_text()
#4 C:\Bitnami\wordpress-5.5.1-2\apps\wordpress\htdocs\wp-content\plugins\woocommerce\packages\woocommerce-blocks\src\BlockTypes\AbstractProductGrid.php(438): Automattic\WooCommerce\Blocks\BlockTypes\AbstractProductGrid-> in C:\Bitnami\wordpress-5.5.1-2\apps\wordpress\htdocs\wp-content\plugins\innovs-woo-manager\includes\class-innovs-woo-manager.php on line 408

2020-10-25T17:06:01+00:00 CRITICAL Uncaught Error: Call to a member function get_type() on null in C:\Bitnami\wordpress-5.5.1-2\apps\wordpress\htdocs\wp-content\plugins\innovs-woo-manager\includes\class-innovs-woo-manager.php:408
Stack trace:
#0 C:\Bitnami\wordpress-5.5.1-2\apps\wordpress\htdocs\wp-includes\class-wp-hook.php(289): Innovs_Woo_Manager->innovs_woo_manager_add_to_cart_label()
#1 C:\Bitnami\wordpress-5.5.1-2\apps\wordpress\htdocs\wp-includes\plugin.php(206): WP_Hook->apply_filters()
#2 C:\Bitnami\wordpress-5.5.1-2\apps\wordpress\htdocs\wp-content\plugins\woocommerce\includes\class-wc-product-simple.php(62): apply_filters()
#3 C:\Bitnami\wordpress-5.5.1-2\apps\wordpress\htdocs\wp-content\plugins\woocommerce\packages\woocommerce-blocks\src\BlockTypes\AbstractProductGrid.php(465): WC_Product_Simple->add_to_cart_text()
#4 C:\Bitnami\wordpress-5.5.1-2\apps\wordpress\htdocs\wp-content\plugins\woocommerce\packages\woocommerce-blocks\src\BlockTypes\AbstractProductGrid.php(438): Automattic\WooCommerce\Blocks\BlockTypes\AbstractProductGrid-> in C:\Bitnami\wordpress-5.5.1-2\apps\wordpress\htdocs\wp-content\plugins\innovs-woo-manager\includes\class-innovs-woo-manager.php on line 408

2020-10-25T17:06:19+00:00 CRITICAL Uncaught Error: Call to a member function get_type() on null in C:\Bitnami\wordpress-5.5.1-2\apps\wordpress\htdocs\wp-content\plugins\innovs-woo-manager\includes\class-innovs-woo-manager.php:408
Stack trace:
#0 C:\Bitnami\wordpress-5.5.1-2\apps\wordpress\htdocs\wp-includes\class-wp-hook.php(289): Innovs_Woo_Manager->innovs_woo_manager_add_to_cart_label()
#1 C:\Bitnami\wordpress-5.5.1-2\apps\wordpress\htdocs\wp-includes\plugin.php(206): WP_Hook->apply_filters()
#2 C:\Bitnami\wordpress-5.5.1-2\apps\wordpress\htdocs\wp-content\plugins\woocommerce\includes\class-wc-product-simple.php(62): apply_filters()
#3 C:\Bitnami\wordpress-5.5.1-2\apps\wordpress\htdocs\wp-content\plugins\woocommerce\packages\woocommerce-blocks\src\BlockTypes\AbstractProductGrid.php(465): WC_Product_Simple->add_to_cart_text()
#4 C:\Bitnami\wordpress-5.5.1-2\apps\wordpress\htdocs\wp-content\plugins\woocommerce\packages\woocommerce-blocks\src\BlockTypes\AbstractProductGrid.php(438): Automattic\WooCommerce\Blocks\BlockTypes\AbstractProductGrid-> in C:\Bitnami\wordpress-5.5.1-2\apps\wordpress\htdocs\wp-content\plugins\innovs-woo-manager\includes\class-innovs-woo-manager.php on line 408

